Log Written Date: 5/16/2019 8:48:09 PM

Message :30,"PLATE10000-E","F4",0,"Correct pipetting","1402280355","2014-01-01 12:27:31","Hokey.Pokey",22222


In file C:\eva\Projects\dotNet\TimerService\File\InputFiles\input.csv, function CvsToJson()



Log Written Date: 5/16/2019 8:48:09 PM

Message :Invalid csv line


In file C:\eva\Projects\dotNet\TimerService\File\InputFiles\input.csv, function CvsToJson()



Log Written Date: 5/16/2019 8:48:09 PM

Message :48,"PLATE10000-E","H6",0,"Correct pipetting","1402281513","2014-01-01 12:28:45"


In file C:\eva\Projects\dotNet\TimerService\File\InputFiles\input.csv, function CvsToJson()



Log Written Date: 5/16/2019 8:48:09 PM

Message :Invalid csv line


In file C:\eva\Projects\dotNet\TimerService\File\InputFiles\input.csv, function CvsToJson()



Log Written Date: 5/16/2019 8:48:09 PM

Message :96,"PLATE10001-E","0","Correct pipetting","C00273","2014-01-01 12:33:44","Hokey.Pokey"


In file C:\eva\Projects\dotNet\TimerService\File\InputFiles\input.csv, function CvsToJson()



Log Written Date: 5/16/2019 8:48:09 PM

Message :Invalid csv line


In file C:\eva\Projects\dotNet\TimerService\File\InputFiles\input.csv, function CvsToJson()



Log Written Date: 5/16/2019 8:48:09 PM

Message :File is converted to json.


In file C:\eva\Projects\dotNet\TimerService\File\InputFiles\input.csv, function CvsToJson()



Log Written Date: 5/16/2019 8:48:09 PM

Message :File moved to processed folder.


In file C:\eva\Projects\dotNet\TimerService\File\InputFiles\input.csv, function CvsToJson()



Log Written Date: 5/16/2019 8:48:09 PM

Message :File is converted to json.


In file C:\eva\Projects\dotNet\TimerService\File\InputFiles\inputGood1.csv, function CvsToJson()



Log Written Date: 5/16/2019 8:48:09 PM

Message :File moved to processed folder.


In file C:\eva\Projects\dotNet\TimerService\File\InputFiles\inputGood1.csv, function CvsToJson()



Log Written Date: 5/16/2019 8:48:09 PM

Message :File is converted to json.


In file C:\eva\Projects\dotNet\TimerService\File\InputFiles\inputGood2.csv, function CvsToJson()



Log Written Date: 5/16/2019 8:48:09 PM

Message :File moved to processed folder.


In file C:\eva\Projects\dotNet\TimerService\File\InputFiles\inputGood2.csv, function CvsToJson()



